------------------------------------------------------------------------------------------------------------------------

[2024-01-10 16:35:29 #1 store] 
Database 'C:\Users\Marcos\Documents\Repositorios\AD-Java\EjerciciosAD-ODB\data\campeonato.odb' is opened by 19380@LAPTOP-MLAFOZ

[2024-01-10 16:35:29 #2 store] 
Configuration path: ?

[2024-01-10 16:35:29 #3 type] 
Type modelo.Jugador is not enhanced.

[2024-01-10 16:35:29 #4 type] 
Type modelo.Equipo is not enhanced.

[2024-01-10 16:35:29 #5 type] 
Type modelo.Partido is not enhanced.

------------------------------------------------------------------------------------------------------------------------

[2024-01-10 19:07:21 #1 store] 
Database 'C:\Users\Marcos\Documents\Repositorios\AD-Java\EjerciciosAD-ODB\data\campeonato.odb' is opened by 18200@LAPTOP-MLAFOZ

[2024-01-10 19:07:21 #2 store] 
Configuration path: ?

[2024-01-10 19:07:21 #3 type] 
Type modelo.Jugador is not enhanced.

[2024-01-10 19:07:21 #4 type] 
Type modelo.Equipo is not enhanced.

[2024-01-10 19:07:21 #5 type] 
Type modelo.Partido is not enhanced.

