------------------------------------------------------------------------------------------------------------------------

[2024-01-09 13:19:37 #1 store] 
Database 'C:\Users\Sonia\eclipse-workspace2324\UD4 - Ejemplos ObjectDB [Eclipse Java]\data\campeonato.odb' is opened by 6672@PC-SONIA

[2024-01-09 13:19:37 #2 store] 
Configuration path: ?

[2024-01-09 13:19:37 #3 type] 
Type modelo.Jugador is not enhanced.

[2024-01-09 13:19:37 #4 type] 
Type modelo.Equipo is not enhanced.

[2024-01-09 13:19:37 #5 type] 
Type modelo.Partido is not enhanced.

[2024-01-09 13:19:37 #6 store] 
Database 'C:\Users\Sonia\eclipse-workspace2324\UD4 - Ejemplos ObjectDB [Eclipse Java]\data\campeonato.odb' is closed by 6672@PC-SONIA

------------------------------------------------------------------------------------------------------------------------

[2024-01-09 13:33:16 #1 store] 
Database 'C:\Users\Sonia\eclipse-workspace2324\UD4 - Ejemplos ObjectDB [Eclipse Java]\data\campeonato.odb' is opened by 6728@PC-SONIA

[2024-01-09 13:33:16 #2 store] 
Configuration path: ?

[2024-01-09 13:33:16 #3 type] 
Type modelo.Jugador is not enhanced.

[2024-01-09 13:33:16 #4 type] 
Type modelo.Equipo is not enhanced.

[2024-01-09 13:33:16 #5 type] 
Type modelo.Partido is not enhanced.

[2024-01-09 13:33:16 #6 store] 
Database 'C:\Users\Sonia\eclipse-workspace2324\UD4 - Ejemplos ObjectDB [Eclipse Java]\data\campeonato.odb' is closed by 6728@PC-SONIA

------------------------------------------------------------------------------------------------------------------------

[2024-01-09 17:02:18 #1 store] 
Database 'C:\Users\Marcos\Downloads\UD4 - Ejemplos ObjectDB [Eclipse Java]\UD4 - Ejemplos ObjectDB [Eclipse Java]\data\campeonato.odb' is opened by 7060@LAPTOP-MLAFOZ

[2024-01-09 17:02:18 #2 store] 
Configuration path: ?

[2024-01-09 17:02:18 #3 type] 
Type modelo.Jugador is not enhanced.

[2024-01-09 17:02:18 #4 type] 
Type modelo.Equipo is not enhanced.

[2024-01-09 17:02:18 #5 type] 
Type modelo.Partido is not enhanced.

[2024-01-09 17:02:18 #6 store] 
Database 'C:\Users\Marcos\Downloads\UD4 - Ejemplos ObjectDB [Eclipse Java]\UD4 - Ejemplos ObjectDB [Eclipse Java]\data\campeonato.odb' is closed by 7060@LAPTOP-MLAFOZ

------------------------------------------------------------------------------------------------------------------------

[2024-01-09 17:15:06 #1 store] 
Database 'C:\Users\Marcos\Downloads\UD4 - Ejemplos ObjectDB [Eclipse Java]\UD4 - Ejemplos ObjectDB [Eclipse Java]\data\campeonato.odb' is opened by 9696@LAPTOP-MLAFOZ

[2024-01-09 17:15:06 #2 store] 
Configuration path: ?

[2024-01-09 17:15:07 #3 type] 
Type modelo.Jugador is not enhanced.

[2024-01-09 17:15:07 #4 type] 
Type modelo.Equipo is not enhanced.

[2024-01-09 17:15:07 #5 type] 
Type modelo.Partido is not enhanced.

------------------------------------------------------------------------------------------------------------------------

[2024-01-09 17:19:52 #1 store] 
Database 'C:\Users\Marcos\Downloads\UD4 - Ejemplos ObjectDB [Eclipse Java]\UD4 - Ejemplos ObjectDB [Eclipse Java]\data\campeonato.odb' is opened by 13000@LAPTOP-MLAFOZ

[2024-01-09 17:19:52 #2 store] 
Configuration path: ?

[2024-01-09 17:19:52 #3 type] 
Type modelo.Jugador is not enhanced.

[2024-01-09 17:19:52 #4 type] 
Type modelo.Equipo is not enhanced.

[2024-01-09 17:19:52 #5 type] 
Type modelo.Partido is not enhanced.

[2024-01-09 17:19:52 #6 store] 
Database 'C:\Users\Marcos\Downloads\UD4 - Ejemplos ObjectDB [Eclipse Java]\UD4 - Ejemplos ObjectDB [Eclipse Java]\data\campeonato.odb' is closed by 13000@LAPTOP-MLAFOZ

------------------------------------------------------------------------------------------------------------------------

[2024-01-09 17:20:06 #1 store] 
Database 'C:\Users\Marcos\Downloads\UD4 - Ejemplos ObjectDB [Eclipse Java]\UD4 - Ejemplos ObjectDB [Eclipse Java]\data\campeonato.odb' is opened by 13780@LAPTOP-MLAFOZ

[2024-01-09 17:20:06 #2 store] 
Configuration path: ?

[2024-01-09 17:20:06 #3 type] 
Type modelo.Jugador is not enhanced.

[2024-01-09 17:20:06 #4 type] 
Type modelo.Equipo is not enhanced.

[2024-01-09 17:20:06 #5 type] 
Type modelo.Partido is not enhanced.

[2024-01-09 17:20:06 #6 store] 
Database 'C:\Users\Marcos\Downloads\UD4 - Ejemplos ObjectDB [Eclipse Java]\UD4 - Ejemplos ObjectDB [Eclipse Java]\data\campeonato.odb' is closed by 13780@LAPTOP-MLAFOZ

------------------------------------------------------------------------------------------------------------------------

[2024-01-09 17:37:37 #1 store] 
Database 'C:\Users\Marcos\Downloads\UD4-AD\data\campeonato.odb' is opened by 8908@LAPTOP-MLAFOZ

[2024-01-09 17:37:37 #2 store] 
Configuration path: ?

[2024-01-09 17:37:37 #3 type] 
Type modelo.Jugador is not enhanced.

[2024-01-09 17:37:37 #4 type] 
Type modelo.Equipo is not enhanced.

[2024-01-09 17:37:37 #5 type] 
Type modelo.Partido is not enhanced.

[2024-01-09 17:37:37 #6 store] 
Database 'C:\Users\Marcos\Downloads\UD4-AD\data\campeonato.odb' is closed by 8908@LAPTOP-MLAFOZ

------------------------------------------------------------------------------------------------------------------------

[2024-01-09 17:37:42 #1 store] 
Database 'C:\Users\Marcos\Downloads\UD4-AD\data\campeonato.odb' is opened by 12228@LAPTOP-MLAFOZ

[2024-01-09 17:37:42 #2 store] 
Configuration path: ?

[2024-01-09 17:37:42 #3 type] 
Type modelo.Jugador is not enhanced.

[2024-01-09 17:37:42 #4 type] 
Type modelo.Equipo is not enhanced.

[2024-01-09 17:37:42 #5 type] 
Type modelo.Partido is not enhanced.

